<?xml version="1.0" encoding="UTF-8"?>
<!-- Generated by org.testng.reporters.JUnitXMLReporter -->
<testsuite ignored="0" hostname="SPTVMLAP-1744" failures="0" tests="5" name="Test" time="224.147" errors="0" timestamp="2022-09-04T17:49:43 IST">
  <testcase classname="TestPackage.TestClass" name="launch" time="44.368"/>
  <testcase classname="TestPackage.TestClass" name="launch" time="31.55"/>
  <testcase classname="TestPackage.TestClass" name="launch" time="49.315"/>
  <testcase classname="TestPackage.TestClass" name="launch" time="42.475"/>
  <testcase classname="TestPackage.TestClass" name="launch" time="55.779"/>
</testsuite> <!-- Test -->
